2021-07-15T00:01:17.688Z Warning: update with "sudo apt update && sudo apt install heroku"
2021-07-15T00:01:17.688Z     at Object.warn (/usr/lib/heroku/node_modules/@oclif/plugin-update/node_modules/@oclif/errors/lib/index.js:49:15)
2021-07-15T00:01:17.688Z     at UpdateCommand.warn (/usr/lib/heroku/node_modules/@oclif/plugin-update/node_modules/@oclif/command/lib/command.js:57:16)
2021-07-15T00:01:17.688Z     at UpdateCommand.skipUpdate (/usr/lib/heroku/node_modules/@oclif/plugin-update/lib/commands/update.js:111:22)
2021-07-15T00:01:17.688Z     at UpdateCommand.run (/usr/lib/heroku/node_modules/@oclif/plugin-update/lib/commands/update.js:27:33)
2021-07-15T00:01:17.688Z     at processTicksAndRejections (internal/process/task_queues.js:97:5)
2021-07-15T00:01:17.688Z     at async UpdateCommand._run (/usr/lib/heroku/node_modules/@oclif/plugin-update/node_modules/@oclif/command/lib/command.js:43:20)
2021-07-15T00:01:17.688Z     at async Config.runCommand (/usr/lib/heroku/node_modules/@oclif/config/lib/config.js:151:9)
2021-07-15T00:01:17.688Z     at async Main.run (/usr/lib/heroku/node_modules/@oclif/command/lib/main.js:21:9)
2021-07-15T00:01:17.688Z     at async Main._run (/usr/lib/heroku/node_modules/@oclif/command/lib/command.js:44:20)
2021/07/15 05:44:00 Error: Expected response to be successful, got 422
    at Request.handleFailure [as _handleFailure] (/usr/lib/heroku/node_modules/heroku-client/lib/request.js:255:11)
    at Request.<anonymous> (/usr/lib/heroku/node_modules/heroku-cli-util/lib/command.js:56:12)
    at /usr/lib/heroku/node_modules/heroku-client/lib/request.js:148:16
    at processTicksAndRejections (internal/process/task_queues.js:97:5)
2021/07/15 05:44:00 {"id":"invalid_params","message":"Name linebot is already taken"}
2021/07/15 05:44:46 Error: Expected response to be successful, got 422
    at Request.handleFailure [as _handleFailure] (/usr/lib/heroku/node_modules/heroku-client/lib/request.js:255:11)
    at Request.<anonymous> (/usr/lib/heroku/node_modules/heroku-cli-util/lib/command.js:56:12)
    at /usr/lib/heroku/node_modules/heroku-client/lib/request.js:148:16
    at processTicksAndRejections (internal/process/task_queues.js:97:5)
2021/07/15 05:44:46 {"id":"invalid_params","message":"Name linebot is already taken"}
2021/07/15 05:51:31 Error: Expected response to be successful, got 404
    at Request.handleFailure [as _handleFailure] (/usr/lib/heroku/node_modules/heroku-client/lib/request.js:255:11)
    at Request.<anonymous> (/usr/lib/heroku/node_modules/heroku-cli-util/lib/command.js:56:12)
    at /usr/lib/heroku/node_modules/heroku-client/lib/request.js:148:16
    at processTicksAndRejections (internal/process/task_queues.js:97:5)
2021/07/15 05:51:31 {"resource":"app","id":"not_found","message":"Couldn't find that app."}
2021/07/15 05:52:21 Error: Expected response to be successful, got 422
    at Request.handleFailure [as _handleFailure] (/usr/lib/heroku/node_modules/heroku-client/lib/request.js:255:11)
    at Request.<anonymous> (/usr/lib/heroku/node_modules/heroku-cli-util/lib/command.js:56:12)
    at /usr/lib/heroku/node_modules/heroku-client/lib/request.js:148:16
    at processTicksAndRejections (internal/process/task_queues.js:97:5)
2021/07/15 05:52:21 {"id":"invalid_params","message":"Name must start with a letter, end with a letter or digit and can only contain lowercase letters, digits, and dashes."}
2021/07/15 05:52:43 Error: Expected response to be successful, got 404
    at Request.handleFailure [as _handleFailure] (/usr/lib/heroku/node_modules/heroku-client/lib/request.js:255:11)
    at Request.<anonymous> (/usr/lib/heroku/node_modules/heroku-cli-util/lib/command.js:56:12)
    at /usr/lib/heroku/node_modules/heroku-client/lib/request.js:148:16
    at processTicksAndRejections (internal/process/task_queues.js:97:5)
2021/07/15 05:52:43 {"resource":"app","id":"not_found","message":"Couldn't find that app."}
2021/07/15 05:57:39 Error: Expected response to be successful, got 422
    at Request.handleFailure [as _handleFailure] (/usr/lib/heroku/node_modules/heroku-client/lib/request.js:255:11)
    at Request.<anonymous> (/usr/lib/heroku/node_modules/heroku-cli-util/lib/command.js:56:12)
    at /usr/lib/heroku/node_modules/heroku-client/lib/request.js:148:16
    at processTicksAndRejections (internal/process/task_queues.js:97:5)
2021/07/15 05:57:39 {"id":"invalid_params","message":"Name linebot is already taken"}
2021/07/15 05:58:04 Error: Expected response to be successful, got 403
    at Request.handleFailure [as _handleFailure] (/usr/lib/heroku/node_modules/heroku-client/lib/request.js:255:11)
    at Request.<anonymous> (/usr/lib/heroku/node_modules/heroku-cli-util/lib/command.js:56:12)
    at /usr/lib/heroku/node_modules/heroku-client/lib/request.js:148:16
    at processTicksAndRejections (internal/process/task_queues.js:97:5)
2021/07/15 05:58:04 {"id":"forbidden","message":"You do not have access to the app linebot."}
2021/07/15 06:00:30 Error: Expected response to be successful, got 422
    at Request.handleFailure [as _handleFailure] (/usr/lib/heroku/node_modules/heroku-client/lib/request.js:255:11)
    at Request.<anonymous> (/usr/lib/heroku/node_modules/heroku-cli-util/lib/command.js:56:12)
    at /usr/lib/heroku/node_modules/heroku-client/lib/request.js:148:16
    at processTicksAndRejections (internal/process/task_queues.js:97:5)
2021/07/15 06:00:30 {"id":"invalid_params","message":"Name kensuke is already taken"}
2021/07/15 06:01:25 Error: Expected response to be successful, got 422
    at Request.handleFailure [as _handleFailure] (/usr/lib/heroku/node_modules/heroku-client/lib/request.js:255:11)
    at Request.<anonymous> (/usr/lib/heroku/node_modules/heroku-cli-util/lib/command.js:56:12)
    at /usr/lib/heroku/node_modules/heroku-client/lib/request.js:148:16
    at processTicksAndRejections (internal/process/task_queues.js:97:5)
2021/07/15 06:01:25 {"id":"invalid_params","message":"Name must start with a letter, end with a letter or digit and can only contain lowercase letters, digits, and dashes."}
2021/07/15 06:01:59 Error: Expected response to be successful, got 404
    at Request.handleFailure [as _handleFailure] (/usr/lib/heroku/node_modules/heroku-client/lib/request.js:255:11)
    at Request.<anonymous> (/usr/lib/heroku/node_modules/heroku-cli-util/lib/command.js:56:12)
    at /usr/lib/heroku/node_modules/heroku-client/lib/request.js:148:16
    at processTicksAndRejections (internal/process/task_queues.js:97:5)
2021/07/15 06:01:59 {"resource":"app","id":"not_found","message":"Couldn't find that app."}
2021/07/15 06:18:07 Error: Error opening web browser.
Error: Exited with code 3

Manually visit https://linebotkensuke.herokuapp.com/ in your browser.
    at /usr/lib/heroku/node_modules/heroku-cli-util/lib/open.js:12:16
    at ChildProcess.<anonymous> (/usr/lib/heroku/node_modules/opn/index.js:86:5)
    at Object.onceWrapper (events.js:421:26)
    at ChildProcess.emit (events.js:314:20)
    at maybeClose (internal/child_process.js:1022:16)
    at Process.ChildProcess._handle.onexit (internal/child_process.js:287:5)
2021/07/15 06:20:50 Error: Error opening web browser.
Error: Exited with code 3

Manually visit https://linebotkensuke.herokuapp.com/ in your browser.
    at /usr/lib/heroku/node_modules/heroku-cli-util/lib/open.js:12:16
    at ChildProcess.<anonymous> (/usr/lib/heroku/node_modules/opn/index.js:86:5)
    at Object.onceWrapper (events.js:421:26)
    at ChildProcess.emit (events.js:314:20)
    at maybeClose (internal/child_process.js:1022:16)
    at Process.ChildProcess._handle.onexit (internal/child_process.js:287:5)
2021/07/15 09:22:48 Error: Error opening web browser.
Error: Exited with code 3

Manually visit https://linebotkensuke.herokuapp.com/ in your browser.
    at /usr/lib/heroku/node_modules/heroku-cli-util/lib/open.js:12:16
    at ChildProcess.<anonymous> (/usr/lib/heroku/node_modules/opn/index.js:86:5)
    at Object.onceWrapper (events.js:421:26)
    at ChildProcess.emit (events.js:314:20)
    at maybeClose (internal/child_process.js:1022:16)
    at Process.ChildProcess._handle.onexit (internal/child_process.js:287:5)
2021/07/15 09:25:38 Error: Error opening web browser.
Error: Exited with code 3

Manually visit https://linebotkensuke.herokuapp.com/ in your browser.
    at /usr/lib/heroku/node_modules/heroku-cli-util/lib/open.js:12:16
    at ChildProcess.<anonymous> (/usr/lib/heroku/node_modules/opn/index.js:86:5)
    at Object.onceWrapper (events.js:421:26)
    at ChildProcess.emit (events.js:314:20)
    at maybeClose (internal/child_process.js:1022:16)
    at Process.ChildProcess._handle.onexit (internal/child_process.js:287:5)
